<?xml version="1.0" encoding="utf-8"?>
<shfbBuild product="Sandcastle Help File Builder" version="2015.1.12.0" projectFile="C:\Users\Shoji\Desktop\Project 03\Assignment 3\Assignment 3\Project_03_Documentation\Project_03_Documentation.shfbproj" started="2015-03-19 7:41:43 PM">
<buildStep step="Initializing">
Finding tools...
The Sandcastle tools are located in &#39;C:\Program Files\EWSoftware\Sandcastle Help File Builder\&#39;
Searching for HTML Help 1 compiler...
Found HTML Help 1 compiler in &#39;C:\Program Files\HTML Help Workshop\&#39;
Locating components in the following folder(s):
   C:\Users\Shoji\Desktop\Project 03\Assignment 3\Assignment 3\Project_03_Documentation
Using presentation style &#39;VS2013&#39; located in &#39;C:\Program Files\EWSoftware\Sandcastle Help File Builder\PresentationStyles\VS2013&#39;
Loading and initializing plug-ins...
Lightweight Website Style Version 2015.1.12.0
Copyright &#169; 2006-2015, Eric Woodruff, All Rights Reserved
Portions Copyright &#169; 2014, Sam Harwell, All Rights Reserved
</buildStep>
<buildStep step="ValidatingDocumentationSources">
Validating and copying documentation source information
Source: C:\Users\Shoji\Desktop\Project 03\Assignment 3\Assignment 3\Databases_Project_03\Databases_Project_03.csproj
    Found project &#39;C:\Users\Shoji\Desktop\Project 03\Assignment 3\Assignment 3\Databases_Project_03\Databases_Project_03.csproj&#39;
Source: C:\Users\Shoji\Desktop\Project 03\Assignment 3\Assignment 3\Databases_Project_03\bin\Debug\Databases_Project_03.XML
Source: C:\Users\Shoji\Desktop\Project 03\Assignment 3\Assignment 3\Databases_Project_03\bin\Debug\Databases_Project_03.exe
    Found assembly &#39;C:\Users\Shoji\Desktop\Project 03\Assignment 3\Assignment 3\Databases_Project_03\bin\Debug\Databases_Project_03.exe&#39;
Source: C:\Users\Shoji\Desktop\Project 03\Assignment 3\Assignment 3\Databases_Project_03.Tests\Databases_Project_03.Tests.csproj
    Found project &#39;C:\Users\Shoji\Desktop\Project 03\Assignment 3\Assignment 3\Databases_Project_03.Tests\Databases_Project_03.Tests.csproj&#39;
Source: C:\Users\Shoji\Desktop\Project 03\Assignment 3\Assignment 3\Databases_Project_03.Tests\bin\Debug\Databases_Project_03.Tests.XML
Source: C:\Users\Shoji\Desktop\Project 03\Assignment 3\Assignment 3\Databases_Project_03.Tests\bin\Debug\Databases_Project_03.Tests.dll
    Found assembly &#39;C:\Users\Shoji\Desktop\Project 03\Assignment 3\Assignment 3\Databases_Project_03.Tests\bin\Debug\Databases_Project_03.Tests.dll&#39;

Parsing project files
    Ignoring duplicate assembly file &#39;C:\Users\Shoji\Desktop\Project 03\Assignment 3\Assignment 3\Databases_Project_03\bin\Debug\Databases_Project_03.exe&#39;
    Ignoring duplicate comments file &#39;C:\Users\Shoji\Desktop\Project 03\Assignment 3\Assignment 3\Databases_Project_03\bin\Debug\Databases_Project_03.XML&#39;
    Ignoring duplicate assembly file &#39;C:\Users\Shoji\Desktop\Project 03\Assignment 3\Assignment 3\Databases_Project_03.Tests\bin\Debug\Databases_Project_03.Tests.dll&#39;
    Ignoring duplicate comments file &#39;C:\Users\Shoji\Desktop\Project 03\Assignment 3\Assignment 3\Databases_Project_03.Tests\bin\Debug\Databases_Project_03.Tests.XML&#39;

References to include (excluding framework assemblies):
    Microsoft.VisualStudio.QualityTools.UnitTestFramework
    Mono.Security, Version=4.0.0.0, Culture=neutral, PublicKeyToken=0738eb9f132ed756, processorArchitecture=MSIL
    Npgsql, Version=2.2.5.0, Culture=neutral, PublicKeyToken=5d8b90d52f46fda7, processorArchitecture=MSIL

Copying XML comments files
    C:\Users\Shoji\Desktop\Project 03\Assignment 3\Assignment 3\Databases_Project_03\bin\Debug\Databases_Project_03.XML -&gt; C:\Users\Shoji\Desktop\Project 03\Assignment 3\Assignment 3\Project_03_Documentation\Help\Working\Databases_Project_03.XML
    C:\Users\Shoji\Desktop\Project 03\Assignment 3\Assignment 3\Databases_Project_03.Tests\bin\Debug\Databases_Project_03.Tests.XML -&gt; C:\Users\Shoji\Desktop\Project 03\Assignment 3\Assignment 3\Project_03_Documentation\Help\Working\Databases_Project_03.Tests.XML
</buildStep>
<buildStep step="GenerateSharedContent">
Generating shared content files (en-US, English (United States))...
<plugIn name="Lightweight Website Style" behavior="After" priority="1000">
</plugIn>    Last step completed in 00:00:00.0200
</buildStep>
<buildStep step="GenerateApiFilter">
Generating API filter for MRefBuilder...
    Last step completed in 00:00:00.0020
</buildStep>
<buildStep step="GenerateReflectionInfo">
Generating reflection information...
[C:\Program Files\MSBuild\12.0\bin\MSBuild.exe]
Build started 2015-03-19 7:41:44 PM.
Project &quot;C:\Users\Shoji\Desktop\Project 03\Assignment 3\Assignment 3\Project_03_Documentation\Help\Working\GenerateRefInfo.proj&quot; on node 1 (default targets).
PrepareForBuild:
  Creating directory &quot;obj\Debug\&quot;.
GenerateRefInfo:
  MRefBuilder (v2015.1.12.0)
  Copyright c 2006-2015, Microsoft Corporation, All Rights Reserved.
  Portions Copyright c 2006-2014, Eric Woodruff, All Rights Reserved.
  Loaded 2 assemblies for reflection and 4 dependency assemblies.
  Wrote information on 2 namespaces, 2 types, and 10 members
  Copying file from &quot;reflection.org&quot; to &quot;reflection.all&quot;.
  XslTransform (v2015.1.12.0)
  Copyright c 2006-2015, Microsoft Corporation, All Rights Reserved.
  Portions Copyright c 2006-2014, Eric Woodruff, All Rights Reserved.
  Applying XSL transformation &#39;C:\Program Files\EWSoftware\Sandcastle Help File Builder\ProductionTransforms\MergeDuplicates.xsl&#39;.
Done Building Project &quot;C:\Users\Shoji\Desktop\Project 03\Assignment 3\Assignment 3\Project_03_Documentation\Help\Working\GenerateRefInfo.proj&quot; (default targets).

Build succeeded.

Time Elapsed 00:00:01.17
    Last step completed in 00:00:01.3980
</buildStep>
<buildStep step="TransformReflectionInfo">
Transforming reflection output...
[C:\Program Files\MSBuild\12.0\bin\MSBuild.exe]
Build started 2015-03-19 7:41:46 PM.
Project &quot;C:\Users\Shoji\Desktop\Project 03\Assignment 3\Assignment 3\Project_03_Documentation\Help\Working\TransformManifest.proj&quot; on node 1 (default targets).
TransformManifest:
  XslTransform (v2015.1.12.0)
  Copyright c 2006-2015, Microsoft Corporation, All Rights Reserved.
  Portions Copyright c 2006-2014, Eric Woodruff, All Rights Reserved.
  Applying XSL transformation &#39;C:\Program Files\EWSoftware\Sandcastle Help File Builder\\ProductionTransforms\ApplyVSDocModel.xsl&#39;.
  Copying file from &quot;reflection.xml&quot; to &quot;reflection.nofilenames&quot;.
  XslTransform (v2015.1.12.0)
  Copyright c 2006-2015, Microsoft Corporation, All Rights Reserved.
  Portions Copyright c 2006-2014, Eric Woodruff, All Rights Reserved.
  Applying XSL transformation &#39;C:\Program Files\EWSoftware\Sandcastle Help File Builder\ProductionTransforms\AddFilenames.xsl&#39;.
  XslTransform (v2015.1.12.0)
  Copyright c 2006-2015, Microsoft Corporation, All Rights Reserved.
  Portions Copyright c 2006-2014, Eric Woodruff, All Rights Reserved.
  Applying XSL transformation &#39;C:\Program Files\EWSoftware\Sandcastle Help File Builder\ProductionTransforms\ReflectionToManifest.xsl&#39;.
Done Building Project &quot;C:\Users\Shoji\Desktop\Project 03\Assignment 3\Assignment 3\Project_03_Documentation\Help\Working\TransformManifest.proj&quot; (default targets).

Build succeeded.

Time Elapsed 00:00:00.97
    Last step completed in 00:00:01.1370
</buildStep>
<buildStep step="GenerateNamespaceSummaries">
Generating namespace summary information...
    Last step completed in 00:00:00.5590
</buildStep>
<buildStep step="CopyConceptualContent">
Copying conceptual content...
Copying standard token shared content file...
Checking for other token files...
Checking for code snippets files...
Copying images and creating the media map file...
Generating conceptual topic files
    Parsing topic file &#39;C:\Users\Shoji\Desktop\Project 03\Assignment 3\Assignment 3\Project_03_Documentation\Content\Welcome.aml&#39;
    C:\Users\Shoji\Desktop\Project 03\Assignment 3\Assignment 3\Project_03_Documentation\Content\Welcome.aml -&gt; C:\Users\Shoji\Desktop\Project 03\Assignment 3\Assignment 3\Project_03_Documentation\Help\Working\ddueXml\e37df97d-722b-4c9a-8725-31e103d1d136.xml
    Parsing topic file &#39;C:\Users\Shoji\Desktop\Project 03\Assignment 3\Assignment 3\Project_03_Documentation\Content\VersionHistory\VersionHistory.aml&#39;
    C:\Users\Shoji\Desktop\Project 03\Assignment 3\Assignment 3\Project_03_Documentation\Content\VersionHistory\VersionHistory.aml -&gt; C:\Users\Shoji\Desktop\Project 03\Assignment 3\Assignment 3\Project_03_Documentation\Help\Working\ddueXml\c66951b9-d823-445f-85e7-2ef8ce199b93.xml
    Parsing topic file &#39;C:\Users\Shoji\Desktop\Project 03\Assignment 3\Assignment 3\Project_03_Documentation\Content\VersionHistory\v1.0.0.0.aml&#39;
    C:\Users\Shoji\Desktop\Project 03\Assignment 3\Assignment 3\Project_03_Documentation\Content\VersionHistory\v1.0.0.0.aml -&gt; C:\Users\Shoji\Desktop\Project 03\Assignment 3\Assignment 3\Project_03_Documentation\Help\Working\ddueXml\6f00b56a-642a-4adb-8099-ea438ae7c3f9.xml
    Last step completed in 00:00:00.2400
</buildStep>
<buildStep step="CreateConceptualTopicConfigs">
Creating conceptual topic configuration files...
    Companion files
    _ContentMetadata_.xml
    ConceptualManifest.xml
    Last step completed in 00:00:00.0380
</buildStep>
<buildStep step="CopyAdditionalContent">
Copying additional content files...
C:\Users\Shoji\Desktop\Project 03\Assignment 3\Assignment 3\Project_03_Documentation\icons\Help.png -&gt; C:\Users\Shoji\Desktop\Project 03\Assignment 3\Assignment 3\Project_03_Documentation\Help\Working\Output\HtmlHelp1\icons\Help.png
    Last step completed in 00:00:00.0160
</buildStep>
<buildStep step="MergeTablesOfContents">
Merging conceptual and additional tables of contents...
    Last step completed in 00:00:00.0020
</buildStep>
<buildStep step="GenerateIntermediateTableOfContents">
Generating intermediate table of contents file...
[C:\Program Files\MSBuild\12.0\bin\MSBuild.exe]
Build started 2015-03-19 7:41:48 PM.
Project &quot;C:\Users\Shoji\Desktop\Project 03\Assignment 3\Assignment 3\Project_03_Documentation\Help\Working\GenerateIntermediateTOC.proj&quot; on node 1 (default targets).
GenerateIntermediateTOC:
  XslTransform (v2015.1.12.0)
  Copyright c 2006-2015, Microsoft Corporation, All Rights Reserved.
  Portions Copyright c 2006-2014, Eric Woodruff, All Rights Reserved.
  Applying XSL transformation &#39;C:\Program Files\EWSoftware\Sandcastle Help File Builder\\ProductionTransforms\CreateVSToc.xsl&#39;.
Done Building Project &quot;C:\Users\Shoji\Desktop\Project 03\Assignment 3\Assignment 3\Project_03_Documentation\Help\Working\GenerateIntermediateTOC.proj&quot; (default targets).

Build succeeded.

Time Elapsed 00:00:00.30
Generating conceptual content intermediate TOC file...
    Last step completed in 00:00:00.5580
</buildStep>
<buildStep step="CreateBuildAssemblerConfigs">
Creating Sandcastle configuration files...
    sandcastle.config
    conceptual.config
    Last step completed in 00:00:00.8540
</buildStep>
<buildStep step="MergeCustomConfigs">
Merging custom build component configurations
C:\Users\Shoji\Desktop\Project 03\Assignment 3\Assignment 3\Project_03_Documentation\Help\Working\sandcastle.config
C:\Users\Shoji\Desktop\Project 03\Assignment 3\Assignment 3\Project_03_Documentation\Help\Working\conceptual.config
    Removing unused ExampleComponent.
    Last step completed in 00:00:00.5980
</buildStep>
<buildStep step="BuildConceptualTopics">
Building conceptual help topics...
[C:\Program Files\MSBuild\12.0\bin\MSBuild.exe]
Build started 2015-03-19 7:41:50 PM.
Project &quot;C:\Users\Shoji\Desktop\Project 03\Assignment 3\Assignment 3\Project_03_Documentation\Help\Working\BuildConceptualTopics.proj&quot; on node 1 (default targets).
BuildConceptualTopics:
  BuildAssembler (v2015.1.12.0)
  Copyright c 2006-2015, Microsoft Corporation, All Rights Reserved.
  Portions Copyright c 2006-2014, Eric Woodruff, All Rights Reserved.
  Loading configuration...
  Processing topics...
  Processed 3 topic(s)
  CopyFromIndexComponent: &quot;metadata&quot; in-memory cache entries used: 1 of 15.
Done Building Project &quot;C:\Users\Shoji\Desktop\Project 03\Assignment 3\Assignment 3\Project_03_Documentation\Help\Working\BuildConceptualTopics.proj&quot; (default targets).

Build succeeded.

Time Elapsed 00:00:10.38
    Last step completed in 00:00:11.3730
</buildStep>
<buildStep step="BuildReferenceTopics">
Building reference help topics...
[C:\Program Files\MSBuild\12.0\bin\MSBuild.exe]
Build started 2015-03-19 7:42:01 PM.
Project &quot;C:\Users\Shoji\Desktop\Project 03\Assignment 3\Assignment 3\Project_03_Documentation\Help\Working\BuildReferenceTopics.proj&quot; on node 1 (default targets).
BuildReferenceTopics:
  BuildAssembler (v2015.1.12.0)
  Copyright c 2006-2015, Microsoft Corporation, All Rights Reserved.
  Portions Copyright c 2006-2014, Eric Woodruff, All Rights Reserved.
  Loading configuration...
  Processing topics...
BuildAssembler : warning : ShowMissingComponent: [N:Assignment3] Missing &lt;summary&gt; documentation [C:\Users\Shoji\Desktop\Project 03\Assignment 3\Assignment 3\Project_03_Documentation\Help\Working\BuildReferenceTopics.proj]
BuildAssembler : warning : ShowMissingComponent: [M:Assignment3.DataAccess.Timing(System.Boolean,System.Boolean,System.Boolean)] Missing &lt;returns&gt; documentation [C:\Users\Shoji\Desktop\Project 03\Assignment 3\Assignment 3\Project_03_Documentation\Help\Working\BuildReferenceTopics.proj]
BuildAssembler : warning : ShowMissingComponent: [M:Assignment3.DataAccess.Timing(System.Boolean,System.Boolean,System.Boolean)] Missing &lt;param name=&quot;haswhere&quot;/&gt; documentation [C:\Users\Shoji\Desktop\Project 03\Assignment 3\Assignment 3\Project_03_Documentation\Help\Working\BuildReferenceTopics.proj]
BuildAssembler : warning : ShowMissingComponent: [M:Assignment3.DataAccess.Timing(System.Boolean,System.Boolean,System.Boolean)] Missing &lt;param name=&quot;analyze&quot;/&gt; documentation [C:\Users\Shoji\Desktop\Project 03\Assignment 3\Assignment 3\Project_03_Documentation\Help\Working\BuildReferenceTopics.proj]
BuildAssembler : warning : ShowMissingComponent: [N:Databases_Project_03.Tests] Missing &lt;summary&gt; documentation [C:\Users\Shoji\Desktop\Project 03\Assignment 3\Assignment 3\Project_03_Documentation\Help\Working\BuildReferenceTopics.proj]
  Processed 16 topic(s)
  5 warning(s)
  CopyFromIndexComponent: &quot;reflection&quot; in-memory cache entries used: 2 of 15.
  CopyFromIndexComponent: &quot;comments&quot; in-memory cache entries used: 4 of 30.
Done Building Project &quot;C:\Users\Shoji\Desktop\Project 03\Assignment 3\Assignment 3\Project_03_Documentation\Help\Working\BuildReferenceTopics.proj&quot; (default targets).

Build succeeded.

Time Elapsed 00:00:21.11
    Last step completed in 00:00:21.3620
</buildStep>
<buildStep step="CombiningIntermediateTocFiles">
Combining conceptual and API intermediate TOC files...
    Last step completed in 00:00:00.0120
</buildStep>
<buildStep step="ExtractingHtmlInfo">
Extracting HTML info for HTML Help 1 and/or website...
[C:\Program Files\MSBuild\12.0\bin\MSBuild.exe]
Sandcastle Help File Builder, version 2015.1.12.0
Copyright c 2006-2015, Eric Woodruff, All Rights Reserved
E-Mail: Eric@EWoodruff.us

Using LCID &#39;1033&#39;, code page &#39;65001&#39;, encoding charset &#39;UTF-8&#39;.

Processing Help 1 files in C:\Users\Shoji\Desktop\Project 03\Assignment 3\Assignment 3\Project_03_Documentation\Help\Working\Output\HtmlHelp1
Processed 19 HTML files
Sorting keywords and generating See Also indices
Saving HTML Help 1 keyword index to C:\Users\Shoji\Desktop\Project 03\Assignment 3\Assignment 3\Project_03_Documentation\Help\Working\Project_03_Documentation.hhk
Saving HTML Help 1 table of contents to C:\Users\Shoji\Desktop\Project 03\Assignment 3\Assignment 3\Project_03_Documentation\Help\Working\Project_03_Documentation.hhc
    Last step completed in 00:00:00.5740
</buildStep>
<buildStep step="CopyStandardHelpContent">
Copying standard help content...
C:\Program Files\EWSoftware\Sandcastle Help File Builder\PresentationStyles\VS2013\icons\AlertCaution.png -&gt; C:\Users\Shoji\Desktop\Project 03\Assignment 3\Assignment 3\Project_03_Documentation\Help\Working\Output\HtmlHelp1\icons\AlertCaution.png
C:\Program Files\EWSoftware\Sandcastle Help File Builder\PresentationStyles\VS2013\icons\AlertNote.png -&gt; C:\Users\Shoji\Desktop\Project 03\Assignment 3\Assignment 3\Project_03_Documentation\Help\Working\Output\HtmlHelp1\icons\AlertNote.png
C:\Program Files\EWSoftware\Sandcastle Help File Builder\PresentationStyles\VS2013\icons\AlertSecurity.png -&gt; C:\Users\Shoji\Desktop\Project 03\Assignment 3\Assignment 3\Project_03_Documentation\Help\Working\Output\HtmlHelp1\icons\AlertSecurity.png
C:\Program Files\EWSoftware\Sandcastle Help File Builder\PresentationStyles\VS2013\icons\CFW.gif -&gt; C:\Users\Shoji\Desktop\Project 03\Assignment 3\Assignment 3\Project_03_Documentation\Help\Working\Output\HtmlHelp1\icons\CFW.gif
C:\Program Files\EWSoftware\Sandcastle Help File Builder\PresentationStyles\VS2013\icons\CodeExample.png -&gt; C:\Users\Shoji\Desktop\Project 03\Assignment 3\Assignment 3\Project_03_Documentation\Help\Working\Output\HtmlHelp1\icons\CodeExample.png
C:\Program Files\EWSoftware\Sandcastle Help File Builder\PresentationStyles\VS2013\icons\favicon.ico -&gt; C:\Users\Shoji\Desktop\Project 03\Assignment 3\Assignment 3\Project_03_Documentation\Help\Working\Output\HtmlHelp1\icons\favicon.ico
C:\Program Files\EWSoftware\Sandcastle Help File Builder\PresentationStyles\VS2013\icons\privclass.gif -&gt; C:\Users\Shoji\Desktop\Project 03\Assignment 3\Assignment 3\Project_03_Documentation\Help\Working\Output\HtmlHelp1\icons\privclass.gif
C:\Program Files\EWSoftware\Sandcastle Help File Builder\PresentationStyles\VS2013\icons\privdelegate.gif -&gt; C:\Users\Shoji\Desktop\Project 03\Assignment 3\Assignment 3\Project_03_Documentation\Help\Working\Output\HtmlHelp1\icons\privdelegate.gif
C:\Program Files\EWSoftware\Sandcastle Help File Builder\PresentationStyles\VS2013\icons\privenumeration.gif -&gt; C:\Users\Shoji\Desktop\Project 03\Assignment 3\Assignment 3\Project_03_Documentation\Help\Working\Output\HtmlHelp1\icons\privenumeration.gif
C:\Program Files\EWSoftware\Sandcastle Help File Builder\PresentationStyles\VS2013\icons\privevent.gif -&gt; C:\Users\Shoji\Desktop\Project 03\Assignment 3\Assignment 3\Project_03_Documentation\Help\Working\Output\HtmlHelp1\icons\privevent.gif
C:\Program Files\EWSoftware\Sandcastle Help File Builder\PresentationStyles\VS2013\icons\privextension.gif -&gt; C:\Users\Shoji\Desktop\Project 03\Assignment 3\Assignment 3\Project_03_Documentation\Help\Working\Output\HtmlHelp1\icons\privextension.gif
C:\Program Files\EWSoftware\Sandcastle Help File Builder\PresentationStyles\VS2013\icons\privfield.gif -&gt; C:\Users\Shoji\Desktop\Project 03\Assignment 3\Assignment 3\Project_03_Documentation\Help\Working\Output\HtmlHelp1\icons\privfield.gif
C:\Program Files\EWSoftware\Sandcastle Help File Builder\PresentationStyles\VS2013\icons\privinterface.gif -&gt; C:\Users\Shoji\Desktop\Project 03\Assignment 3\Assignment 3\Project_03_Documentation\Help\Working\Output\HtmlHelp1\icons\privinterface.gif
C:\Program Files\EWSoftware\Sandcastle Help File Builder\PresentationStyles\VS2013\icons\privmethod.gif -&gt; C:\Users\Shoji\Desktop\Project 03\Assignment 3\Assignment 3\Project_03_Documentation\Help\Working\Output\HtmlHelp1\icons\privmethod.gif
C:\Program Files\EWSoftware\Sandcastle Help File Builder\PresentationStyles\VS2013\icons\privproperty.gif -&gt; C:\Users\Shoji\Desktop\Project 03\Assignment 3\Assignment 3\Project_03_Documentation\Help\Working\Output\HtmlHelp1\icons\privproperty.gif
C:\Program Files\EWSoftware\Sandcastle Help File Builder\PresentationStyles\VS2013\icons\privstructure.gif -&gt; C:\Users\Shoji\Desktop\Project 03\Assignment 3\Assignment 3\Project_03_Documentation\Help\Working\Output\HtmlHelp1\icons\privstructure.gif
C:\Program Files\EWSoftware\Sandcastle Help File Builder\PresentationStyles\VS2013\icons\protclass.gif -&gt; C:\Users\Shoji\Desktop\Project 03\Assignment 3\Assignment 3\Project_03_Documentation\Help\Working\Output\HtmlHelp1\icons\protclass.gif
C:\Program Files\EWSoftware\Sandcastle Help File Builder\PresentationStyles\VS2013\icons\protdelegate.gif -&gt; C:\Users\Shoji\Desktop\Project 03\Assignment 3\Assignment 3\Project_03_Documentation\Help\Working\Output\HtmlHelp1\icons\protdelegate.gif
C:\Program Files\EWSoftware\Sandcastle Help File Builder\PresentationStyles\VS2013\icons\protenumeration.gif -&gt; C:\Users\Shoji\Desktop\Project 03\Assignment 3\Assignment 3\Project_03_Documentation\Help\Working\Output\HtmlHelp1\icons\protenumeration.gif
C:\Program Files\EWSoftware\Sandcastle Help File Builder\PresentationStyles\VS2013\icons\protevent.gif -&gt; C:\Users\Shoji\Desktop\Project 03\Assignment 3\Assignment 3\Project_03_Documentation\Help\Working\Output\HtmlHelp1\icons\protevent.gif
C:\Program Files\EWSoftware\Sandcastle Help File Builder\PresentationStyles\VS2013\icons\protextension.gif -&gt; C:\Users\Shoji\Desktop\Project 03\Assignment 3\Assignment 3\Project_03_Documentation\Help\Working\Output\HtmlHelp1\icons\protextension.gif
C:\Program Files\EWSoftware\Sandcastle Help File Builder\PresentationStyles\VS2013\icons\protfield.gif -&gt; C:\Users\Shoji\Desktop\Project 03\Assignment 3\Assignment 3\Project_03_Documentation\Help\Working\Output\HtmlHelp1\icons\protfield.gif
C:\Program Files\EWSoftware\Sandcastle Help File Builder\PresentationStyles\VS2013\icons\protinterface.gif -&gt; C:\Users\Shoji\Desktop\Project 03\Assignment 3\Assignment 3\Project_03_Documentation\Help\Working\Output\HtmlHelp1\icons\protinterface.gif
C:\Program Files\EWSoftware\Sandcastle Help File Builder\PresentationStyles\VS2013\icons\protmethod.gif -&gt; C:\Users\Shoji\Desktop\Project 03\Assignment 3\Assignment 3\Project_03_Documentation\Help\Working\Output\HtmlHelp1\icons\protmethod.gif
C:\Program Files\EWSoftware\Sandcastle Help File Builder\PresentationStyles\VS2013\icons\protoperator.gif -&gt; C:\Users\Shoji\Desktop\Project 03\Assignment 3\Assignment 3\Project_03_Documentation\Help\Working\Output\HtmlHelp1\icons\protoperator.gif
C:\Program Files\EWSoftware\Sandcastle Help File Builder\PresentationStyles\VS2013\icons\protproperty.gif -&gt; C:\Users\Shoji\Desktop\Project 03\Assignment 3\Assignment 3\Project_03_Documentation\Help\Working\Output\HtmlHelp1\icons\protproperty.gif
C:\Program Files\EWSoftware\Sandcastle Help File Builder\PresentationStyles\VS2013\icons\protstructure.gif -&gt; C:\Users\Shoji\Desktop\Project 03\Assignment 3\Assignment 3\Project_03_Documentation\Help\Working\Output\HtmlHelp1\icons\protstructure.gif
C:\Program Files\EWSoftware\Sandcastle Help File Builder\PresentationStyles\VS2013\icons\pubclass.gif -&gt; C:\Users\Shoji\Desktop\Project 03\Assignment 3\Assignment 3\Project_03_Documentation\Help\Working\Output\HtmlHelp1\icons\pubclass.gif
C:\Program Files\EWSoftware\Sandcastle Help File Builder\PresentationStyles\VS2013\icons\pubdelegate.gif -&gt; C:\Users\Shoji\Desktop\Project 03\Assignment 3\Assignment 3\Project_03_Documentation\Help\Working\Output\HtmlHelp1\icons\pubdelegate.gif
C:\Program Files\EWSoftware\Sandcastle Help File Builder\PresentationStyles\VS2013\icons\pubenumeration.gif -&gt; C:\Users\Shoji\Desktop\Project 03\Assignment 3\Assignment 3\Project_03_Documentation\Help\Working\Output\HtmlHelp1\icons\pubenumeration.gif
C:\Program Files\EWSoftware\Sandcastle Help File Builder\PresentationStyles\VS2013\icons\pubevent.gif -&gt; C:\Users\Shoji\Desktop\Project 03\Assignment 3\Assignment 3\Project_03_Documentation\Help\Working\Output\HtmlHelp1\icons\pubevent.gif
C:\Program Files\EWSoftware\Sandcastle Help File Builder\PresentationStyles\VS2013\icons\pubextension.gif -&gt; C:\Users\Shoji\Desktop\Project 03\Assignment 3\Assignment 3\Project_03_Documentation\Help\Working\Output\HtmlHelp1\icons\pubextension.gif
C:\Program Files\EWSoftware\Sandcastle Help File Builder\PresentationStyles\VS2013\icons\pubfield.gif -&gt; C:\Users\Shoji\Desktop\Project 03\Assignment 3\Assignment 3\Project_03_Documentation\Help\Working\Output\HtmlHelp1\icons\pubfield.gif
C:\Program Files\EWSoftware\Sandcastle Help File Builder\PresentationStyles\VS2013\icons\pubinterface.gif -&gt; C:\Users\Shoji\Desktop\Project 03\Assignment 3\Assignment 3\Project_03_Documentation\Help\Working\Output\HtmlHelp1\icons\pubinterface.gif
C:\Program Files\EWSoftware\Sandcastle Help File Builder\PresentationStyles\VS2013\icons\pubmethod.gif -&gt; C:\Users\Shoji\Desktop\Project 03\Assignment 3\Assignment 3\Project_03_Documentation\Help\Working\Output\HtmlHelp1\icons\pubmethod.gif
C:\Program Files\EWSoftware\Sandcastle Help File Builder\PresentationStyles\VS2013\icons\puboperator.gif -&gt; C:\Users\Shoji\Desktop\Project 03\Assignment 3\Assignment 3\Project_03_Documentation\Help\Working\Output\HtmlHelp1\icons\puboperator.gif
C:\Program Files\EWSoftware\Sandcastle Help File Builder\PresentationStyles\VS2013\icons\pubproperty.gif -&gt; C:\Users\Shoji\Desktop\Project 03\Assignment 3\Assignment 3\Project_03_Documentation\Help\Working\Output\HtmlHelp1\icons\pubproperty.gif
C:\Program Files\EWSoftware\Sandcastle Help File Builder\PresentationStyles\VS2013\icons\pubstructure.gif -&gt; C:\Users\Shoji\Desktop\Project 03\Assignment 3\Assignment 3\Project_03_Documentation\Help\Working\Output\HtmlHelp1\icons\pubstructure.gif
C:\Program Files\EWSoftware\Sandcastle Help File Builder\PresentationStyles\VS2013\icons\SectionCollapsed.png -&gt; C:\Users\Shoji\Desktop\Project 03\Assignment 3\Assignment 3\Project_03_Documentation\Help\Working\Output\HtmlHelp1\icons\SectionCollapsed.png
C:\Program Files\EWSoftware\Sandcastle Help File Builder\PresentationStyles\VS2013\icons\SectionExpanded.png -&gt; C:\Users\Shoji\Desktop\Project 03\Assignment 3\Assignment 3\Project_03_Documentation\Help\Working\Output\HtmlHelp1\icons\SectionExpanded.png
C:\Program Files\EWSoftware\Sandcastle Help File Builder\PresentationStyles\VS2013\icons\slMobile.gif -&gt; C:\Users\Shoji\Desktop\Project 03\Assignment 3\Assignment 3\Project_03_Documentation\Help\Working\Output\HtmlHelp1\icons\slMobile.gif
C:\Program Files\EWSoftware\Sandcastle Help File Builder\PresentationStyles\VS2013\icons\static.gif -&gt; C:\Users\Shoji\Desktop\Project 03\Assignment 3\Assignment 3\Project_03_Documentation\Help\Working\Output\HtmlHelp1\icons\static.gif
C:\Program Files\EWSoftware\Sandcastle Help File Builder\PresentationStyles\VS2013\icons\xna.gif -&gt; C:\Users\Shoji\Desktop\Project 03\Assignment 3\Assignment 3\Project_03_Documentation\Help\Working\Output\HtmlHelp1\icons\xna.gif
C:\Program Files\EWSoftware\Sandcastle Help File Builder\PresentationStyles\VS2013\scripts\branding.js -&gt; C:\Users\Shoji\Desktop\Project 03\Assignment 3\Assignment 3\Project_03_Documentation\Help\Working\Output\HtmlHelp1\scripts\branding.js
C:\Program Files\EWSoftware\Sandcastle Help File Builder\PresentationStyles\VS2013\styles\branding-cs-CZ.css -&gt; C:\Users\Shoji\Desktop\Project 03\Assignment 3\Assignment 3\Project_03_Documentation\Help\Working\Output\HtmlHelp1\styles\branding-cs-CZ.css
C:\Program Files\EWSoftware\Sandcastle Help File Builder\PresentationStyles\VS2013\styles\branding-de-DE.css -&gt; C:\Users\Shoji\Desktop\Project 03\Assignment 3\Assignment 3\Project_03_Documentation\Help\Working\Output\HtmlHelp1\styles\branding-de-DE.css
C:\Program Files\EWSoftware\Sandcastle Help File Builder\PresentationStyles\VS2013\styles\branding-en-US.css -&gt; C:\Users\Shoji\Desktop\Project 03\Assignment 3\Assignment 3\Project_03_Documentation\Help\Working\Output\HtmlHelp1\styles\branding-en-US.css
C:\Program Files\EWSoftware\Sandcastle Help File Builder\PresentationStyles\VS2013\styles\branding-es-ES.css -&gt; C:\Users\Shoji\Desktop\Project 03\Assignment 3\Assignment 3\Project_03_Documentation\Help\Working\Output\HtmlHelp1\styles\branding-es-ES.css
C:\Program Files\EWSoftware\Sandcastle Help File Builder\PresentationStyles\VS2013\styles\branding-fr-FR.css -&gt; C:\Users\Shoji\Desktop\Project 03\Assignment 3\Assignment 3\Project_03_Documentation\Help\Working\Output\HtmlHelp1\styles\branding-fr-FR.css
C:\Program Files\EWSoftware\Sandcastle Help File Builder\PresentationStyles\VS2013\styles\branding-Help1.css -&gt; C:\Users\Shoji\Desktop\Project 03\Assignment 3\Assignment 3\Project_03_Documentation\Help\Working\Output\HtmlHelp1\styles\branding-Help1.css
C:\Program Files\EWSoftware\Sandcastle Help File Builder\PresentationStyles\VS2013\styles\branding-Help2.css -&gt; C:\Users\Shoji\Desktop\Project 03\Assignment 3\Assignment 3\Project_03_Documentation\Help\Working\Output\HtmlHelp1\styles\branding-Help2.css
C:\Program Files\EWSoftware\Sandcastle Help File Builder\PresentationStyles\VS2013\styles\branding-HelpViewer.css -&gt; C:\Users\Shoji\Desktop\Project 03\Assignment 3\Assignment 3\Project_03_Documentation\Help\Working\Output\HtmlHelp1\styles\branding-HelpViewer.css
C:\Program Files\EWSoftware\Sandcastle Help File Builder\PresentationStyles\VS2013\styles\branding-it-IT.css -&gt; C:\Users\Shoji\Desktop\Project 03\Assignment 3\Assignment 3\Project_03_Documentation\Help\Working\Output\HtmlHelp1\styles\branding-it-IT.css
C:\Program Files\EWSoftware\Sandcastle Help File Builder\PresentationStyles\VS2013\styles\branding-ja-JP.css -&gt; C:\Users\Shoji\Desktop\Project 03\Assignment 3\Assignment 3\Project_03_Documentation\Help\Working\Output\HtmlHelp1\styles\branding-ja-JP.css
C:\Program Files\EWSoftware\Sandcastle Help File Builder\PresentationStyles\VS2013\styles\branding-ko-KR.css -&gt; C:\Users\Shoji\Desktop\Project 03\Assignment 3\Assignment 3\Project_03_Documentation\Help\Working\Output\HtmlHelp1\styles\branding-ko-KR.css
C:\Program Files\EWSoftware\Sandcastle Help File Builder\PresentationStyles\VS2013\styles\branding-pl-PL.css -&gt; C:\Users\Shoji\Desktop\Project 03\Assignment 3\Assignment 3\Project_03_Documentation\Help\Working\Output\HtmlHelp1\styles\branding-pl-PL.css
C:\Program Files\EWSoftware\Sandcastle Help File Builder\PresentationStyles\VS2013\styles\branding-pt-BR.css -&gt; C:\Users\Shoji\Desktop\Project 03\Assignment 3\Assignment 3\Project_03_Documentation\Help\Working\Output\HtmlHelp1\styles\branding-pt-BR.css
C:\Program Files\EWSoftware\Sandcastle Help File Builder\PresentationStyles\VS2013\styles\branding-ru-RU.css -&gt; C:\Users\Shoji\Desktop\Project 03\Assignment 3\Assignment 3\Project_03_Documentation\Help\Working\Output\HtmlHelp1\styles\branding-ru-RU.css
C:\Program Files\EWSoftware\Sandcastle Help File Builder\PresentationStyles\VS2013\styles\branding-tr-TR.css -&gt; C:\Users\Shoji\Desktop\Project 03\Assignment 3\Assignment 3\Project_03_Documentation\Help\Working\Output\HtmlHelp1\styles\branding-tr-TR.css
C:\Program Files\EWSoftware\Sandcastle Help File Builder\PresentationStyles\VS2013\styles\branding-Website.css -&gt; C:\Users\Shoji\Desktop\Project 03\Assignment 3\Assignment 3\Project_03_Documentation\Help\Working\Output\HtmlHelp1\styles\branding-Website.css
C:\Program Files\EWSoftware\Sandcastle Help File Builder\PresentationStyles\VS2013\styles\branding-zh-CN.css -&gt; C:\Users\Shoji\Desktop\Project 03\Assignment 3\Assignment 3\Project_03_Documentation\Help\Working\Output\HtmlHelp1\styles\branding-zh-CN.css
C:\Program Files\EWSoftware\Sandcastle Help File Builder\PresentationStyles\VS2013\styles\branding-zh-TW.css -&gt; C:\Users\Shoji\Desktop\Project 03\Assignment 3\Assignment 3\Project_03_Documentation\Help\Working\Output\HtmlHelp1\styles\branding-zh-TW.css
C:\Program Files\EWSoftware\Sandcastle Help File Builder\PresentationStyles\VS2013\styles\branding.css -&gt; C:\Users\Shoji\Desktop\Project 03\Assignment 3\Assignment 3\Project_03_Documentation\Help\Working\Output\HtmlHelp1\styles\branding.css
    Last step completed in 00:00:01.0650
</buildStep>
<buildStep step="GenerateHelpFormatTableOfContents">
Generating HTML Help 1 table of contents file...
    Last step completed in 00:00:00.0010
</buildStep>
<buildStep step="GenerateHelpFileIndex">
Generating HTML Help 1 index file...
    Last step completed in 00:00:00.0010
</buildStep>
<buildStep step="GenerateHelpProject">
Generating HTML Help 1 project file...
    Last step completed in 00:00:00.0140
</buildStep>
<buildStep step="CompilingHelpFile">
Compiling HTML Help 1 file...
[C:\Program Files\MSBuild\12.0\bin\MSBuild.exe]
  Microsoft HTML Help Compiler 4.74.8702
  
  
  
  Compiling c:\Users\Shoji\Desktop\Project 03\Assignment 3\Assignment 3\Project_03_Documentation\Help\Working\Output\HtmlHelp1\Project_03_Documentation.chm
  
  
  
  
  
  Compile time: 0 minutes, 3 seconds
  
  21	Topics
  
  170	Local links
  
  0	Internet links
  
  0	Graphics
  
  
  
  
  
  Created c:\Users\Shoji\Desktop\Project 03\Assignment 3\Assignment 3\Project_03_Documentation\Help\Working\Output\HtmlHelp1\Project_03_Documentation.chm, 74,758 bytes
  
  Compression decreased file by 148,214 bytes.
  
    Last step completed in 00:00:06.6120
</buildStep>
<buildStep step="CleanIntermediates">
Removing intermediate files...
    Last step completed in 00:00:00.1860
</buildStep>
<buildStep step="Completed">

Build completed successfully at 2015-03-19 7:42:31 PM.  Total time: 00:00:47.8960

</buildStep>
</shfbBuild>
